#
# There is insufficient memory for the Java Runtime Environment to continue.
# Native memory allocation (mmap) failed to map 132120576 bytes for Failed to commit area from 0x0000000082000000 to 0x0000000089e00000 of length 132120576.
# Possible reasons:
#   The system is out of physical RAM or swap space
#   The process is running with CompressedOops enabled, and the Java Heap may be blocking the growth of the native heap
# Possible solutions:
#   Reduce memory load on the system
#   Increase physical memory or swap space
#   Check if swap backing store is full
#   Decrease Java heap size (-Xmx/-Xms)
#   Decrease number of Java threads
#   Decrease Java thread stack sizes (-Xss)
#   Set larger code cache with -XX:ReservedCodeCacheSize=
# This output file may be truncated or incomplete.
#
#  Out of Memory Error (./src/hotspot/os/windows/os_windows.cpp:3303), pid=1368, tid=13080
#
# JRE version:  (11.0.9.1+11) (build )
# Java VM: OpenJDK 64-Bit Server VM (11.0.9.1+11-b1145.63, mixed mode, sharing, tiered, compressed oops, g1 gc, windows-amd64)
# No core dump will be written. Minidumps are not enabled by default on client versions of Windows
#

---------------  S U M M A R Y ------------

Command Line: org.jetbrains.git4idea.http.GitAskPassApp Username for 'https://github.com': 

Host: Intel(R) Core(TM) i5-8300H CPU @ 2.30GHz, 8 cores, 7G,  Windows 10 , 64 bit Build 19041 (10.0.19041.662)
Time: Thu Feb 11 14:24:18 2021 Фінляндія (зима) elapsed time: 0.015073 seconds (0d 0h 0m 0s)

---------------  T H R E A D  ---------------

Current thread (0x000001ff05aca800):  JavaThread "Unknown thread" [_thread_in_vm, id=13080, stack(0x000000a2bb800000,0x000000a2bb900000)]

Stack: [0x000000a2bb800000,0x000000a2bb900000]
Native frames: (J=compiled Java code, j=interpreted, Vv=VM code, C=native code)
V  [jvm.dll+0x5edd9a]
V  [jvm.dll+0x7229c5]
V  [jvm.dll+0x723f1d]
V  [jvm.dll+0x7245d3]
V  [jvm.dll+0x2431b8]
V  [jvm.dll+0x5eb234]
V  [jvm.dll+0x5e0325]
V  [jvm.dll+0x2fe60b]
V  [jvm.dll+0x2fe57a]
V  [jvm.dll+0x2fe452]
V  [jvm.dll+0x303346]
V  [jvm.dll+0x34ba83]
V  [jvm.dll+0x34c186]
V  [jvm.dll+0x34bb83]
V  [jvm.dll+0x2d9218]
V  [jvm.dll+0x2da3c7]
V  [jvm.dll+0x701a67]
V  [jvm.dll+0x70325c]
V  [jvm.dll+0x359049]
V  [jvm.dll+0x6e552e]
V  [jvm.dll+0x3c1353]
V  [jvm.dll+0x3c3571]
C  [jli.dll+0x5373]
C  [ucrtbase.dll+0x214c2]
C  [KERNEL32.DLL+0x17034]
C  [ntdll.dll+0x4d0d1]


---------------  P R O C E S S  ---------------

Threads class SMR info:
_java_thread_list=0x000001ff059c28e0, length=0, elements={
}

Java Threads: ( => current thread )

Other Threads:
  0x000001ff05ae2000 GCTaskThread "GC Thread#0" [stack: 0x000000a2bb900000,0x000000a2bba00000] [id=7672]
  0x000001ff05b16000 ConcurrentGCThread "G1 Main Marker" [stack: 0x000000a2bba00000,0x000000a2bbb00000] [id=5848]
  0x000001ff05b17800 ConcurrentGCThread "G1 Conc#0" [stack: 0x000000a2bbb00000,0x000000a2bbc00000] [id=1028]

[error occurred during error reporting (printing all threads), id 0xc0000005, EXCEPTION_ACCESS_VIOLATION (0xc0000005) at pc=0x00007fffd2ad9807]

VM state:not at safepoint (not fully initialized)

VM Mutex/Monitor currently owned by a thread:  ([mutex/lock_event])
[0x000001ff05ac8d00] Heap_lock - owner thread: 0x000001ff05aca800

Heap address: 0x0000000082000000, size: 2016 MB, Compressed Oops mode: Non-zero based: 0x0000000082000000
Narrow klass base: 0x0000000000000000, Narrow klass shift: 0

GC Heap History (0 events):
No events

Deoptimization events (0 events):
No events

Classes redefined (0 events):
No events

Internal exceptions (0 events):
No events

Events (1 events):
Event: 0.009 Loaded shared library C:\Users\koler\AppData\Local\JetBrains\Toolbox\apps\Rider\ch-0\203.6682.21\jbr\bin\zip.dll


Dynamic libraries:
0x00007ff678e60000 - 0x00007ff678e6a000 	C:\Users\koler\AppData\Local\JetBrains\Toolbox\apps\Rider\ch-0\203.6682.21\jbr\bin\java.exe
0x00007ff821050000 - 0x00007ff821246000 	C:\WINDOWS\SYSTEM32\ntdll.dll
0x00007ff820a10000 - 0x00007ff820acd000 	C:\WINDOWS\System32\KERNEL32.DLL
0x00007ff81e970000 - 0x00007ff81ec39000 	C:\WINDOWS\System32\KERNELBASE.dll
0x00007ff81ed80000 - 0x00007ff81ee80000 	C:\WINDOWS\System32\ucrtbase.dll
0x00007fff8ca90000 - 0x00007fff8caa7000 	C:\Users\koler\AppData\Local\JetBrains\Toolbox\apps\Rider\ch-0\203.6682.21\jbr\bin\VCRUNTIME140.dll
0x00007fff8cab0000 - 0x00007fff8cac9000 	C:\Users\koler\AppData\Local\JetBrains\Toolbox\apps\Rider\ch-0\203.6682.21\jbr\bin\jli.dll
0x00007ff81f170000 - 0x00007ff81f310000 	C:\WINDOWS\System32\USER32.dll
0x00007ff806d10000 - 0x00007ff806fab000 	C:\WINDOWS\WinSxS\amd64_microsoft.windows.common-controls_6595b64144ccf1df_6.0.19041.746_none_ca02b4b61b8320a4\COMCTL32.dll
0x00007ff81ec40000 - 0x00007ff81ec62000 	C:\WINDOWS\System32\win32u.dll
0x00007ff81fff0000 - 0x00007ff82008e000 	C:\WINDOWS\System32\msvcrt.dll
0x00007ff81f140000 - 0x00007ff81f16a000 	C:\WINDOWS\System32\GDI32.dll
0x00007ff81e860000 - 0x00007ff81e96b000 	C:\WINDOWS\System32\gdi32full.dll
0x00007ff81e7c0000 - 0x00007ff81e85d000 	C:\WINDOWS\System32\msvcp_win.dll
0x00007ff820fe0000 - 0x00007ff821010000 	C:\WINDOWS\System32\IMM32.DLL
0x00007fff8c9f0000 - 0x00007fff8ca8d000 	C:\Users\koler\AppData\Local\JetBrains\Toolbox\apps\Rider\ch-0\203.6682.21\jbr\bin\msvcp140.dll
0x00007fffd27f0000 - 0x00007fffd32be000 	C:\Users\koler\AppData\Local\JetBrains\Toolbox\apps\Rider\ch-0\203.6682.21\jbr\bin\server\jvm.dll
0x00007ff81f5d0000 - 0x00007ff81f67c000 	C:\WINDOWS\System32\ADVAPI32.dll
0x00007ff820ad0000 - 0x00007ff820b6c000 	C:\WINDOWS\System32\sechost.dll
0x00007ff8206d0000 - 0x00007ff8207fb000 	C:\WINDOWS\System32\RPCRT4.dll
0x00007ff81f680000 - 0x00007ff81f688000 	C:\WINDOWS\System32\PSAPI.DLL
0x00007ff819160000 - 0x00007ff819169000 	C:\WINDOWS\SYSTEM32\WSOCK32.dll
0x00007ff80b280000 - 0x00007ff80b2a7000 	C:\WINDOWS\SYSTEM32\WINMM.dll
0x00007ff816590000 - 0x00007ff81659a000 	C:\WINDOWS\SYSTEM32\VERSION.dll
0x00007ff820220000 - 0x00007ff82028b000 	C:\WINDOWS\System32\WS2_32.dll
0x00007ff81c6f0000 - 0x00007ff81c702000 	C:\WINDOWS\SYSTEM32\kernel.appcore.dll
0x00007ff804a90000 - 0x00007ff804aa1000 	C:\Users\koler\AppData\Local\JetBrains\Toolbox\apps\Rider\ch-0\203.6682.21\jbr\bin\verify.dll
0x00007ff808120000 - 0x00007ff808304000 	C:\WINDOWS\SYSTEM32\DBGHELP.DLL
0x00007ff8080f0000 - 0x00007ff80811c000 	C:\WINDOWS\SYSTEM32\dbgcore.DLL
0x00007ff81efe0000 - 0x00007ff81f060000 	C:\WINDOWS\System32\bcryptPrimitives.dll
0x00007ff8036a0000 - 0x00007ff8036c9000 	C:\Users\koler\AppData\Local\JetBrains\Toolbox\apps\Rider\ch-0\203.6682.21\jbr\bin\java.dll
0x00007ff8173c0000 - 0x00007ff8173cb000 	C:\Users\koler\AppData\Local\JetBrains\Toolbox\apps\Rider\ch-0\203.6682.21\jbr\bin\jimage.dll
0x00007ff803680000 - 0x00007ff803698000 	C:\Users\koler\AppData\Local\JetBrains\Toolbox\apps\Rider\ch-0\203.6682.21\jbr\bin\zip.dll

dbghelp: loaded successfully - version: 4.0.5 - missing functions: none
symbol engine: initialized successfully - sym options: 0x614 - pdb path: .;C:\Users\koler\AppData\Local\JetBrains\Toolbox\apps\Rider\ch-0\203.6682.21\jbr\bin;C:\WINDOWS\SYSTEM32;C:\WINDOWS\WinSxS\amd64_microsoft.windows.common-controls_6595b64144ccf1df_6.0.19041.746_none_ca02b4b61b8320a4;C:\Users\koler\AppData\Local\JetBrains\Toolbox\apps\Rider\ch-0\203.6682.21\jbr\bin\server

VM Arguments:
java_command: org.jetbrains.git4idea.http.GitAskPassApp Username for 'https://github.com': 
java_class_path (initial): C:/Users/koler/AppData/Local/JetBrains/Toolbox/apps/Rider/ch-0/203.6682.21/plugins/git4idea/lib/git4idea-rt.jar;C:/Users/koler/AppData/Local/JetBrains/Toolbox/apps/Rider/ch-0/203.6682.21/lib/xmlrpc-2.0.1.jar;C:/Users/koler/AppData/Local/JetBrains/Toolbox/apps/Rider/ch-0/203.6682.21/lib/commons-codec-1.14.jar
Launcher Type: SUN_STANDARD

[Global flags]
     intx CICompilerCount                          = 4                                         {product} {ergonomic}
     uint ConcGCThreads                            = 2                                         {product} {ergonomic}
     uint G1ConcRefinementThreads                  = 8                                         {product} {ergonomic}
   size_t G1HeapRegionSize                         = 1048576                                   {product} {ergonomic}
    uintx GCDrainStackTargetSize                   = 64                                        {product} {ergonomic}
   size_t InitialHeapSize                          = 132120576                                 {product} {ergonomic}
   size_t MarkStackSize                            = 4194304                                   {product} {ergonomic}
   size_t MaxHeapSize                              = 2113929216                                {product} {ergonomic}
   size_t MinHeapDeltaBytes                        = 1048576                                   {product} {ergonomic}
    uintx NonNMethodCodeHeapSize                   = 5836300                                {pd product} {ergonomic}
    uintx NonProfiledCodeHeapSize                  = 122910970                              {pd product} {ergonomic}
    uintx ProfiledCodeHeapSize                     = 122910970                              {pd product} {ergonomic}
    uintx ReservedCodeCacheSize                    = 251658240                              {pd product} {ergonomic}
     bool SegmentedCodeCache                       = true                                      {product} {ergonomic}
     bool UseCompressedClassPointers               = true                                 {lp64_product} {ergonomic}
     bool UseCompressedOops                        = true                                 {lp64_product} {ergonomic}
     bool UseG1GC                                  = true                                      {product} {ergonomic}
     bool UseLargePagesIndividualAllocation        = false                                  {pd product} {ergonomic}

Logging:
Log output configuration:
 #0: stdout all=warning uptime,level,tags
 #1: stderr all=off uptime,level,tags

Environment Variables:
PATH=C:/Program Files/Git/mingw64/libexec/git-core;C:/Program Files/Git/mingw64/libexec/git-core;C:\Program Files\Git\mingw64\bin;C:\Program Files\Git\usr\bin;C:\Users\koler\bin;C:\WINDOWS\system32;C:\WINDOWS;C:\WINDOWS\System32\Wbem;C:\WINDOWS\System32\WindowsPowerShell\v1.0\;C:\WINDOWS\System32\OpenSSH\;C:\Program Files\NVIDIA Corporation\NVIDIA NvDLISR;C:\Program Files (x86)\NVIDIA Corporation\PhysX\Common;C:\Program Files\dotnet\;C:\Program Files\Microsoft SQL Server\130\Tools\Binn\;C:\Program Files\Microsoft SQL Server\Client SDK\ODBC\170\Tools\Binn\;C:\Program Files\Git\cmd;C:\Users\koler\AppData\Local\Microsoft\WindowsApps;C:\Users\koler\.dotnet\tools
USERNAME=koler
DISPLAY=:0.0
LC_ALL=en_US.UTF-8
OS=Windows_NT
PROCESSOR_IDENTIFIER=Intel64 Family 6 Model 158 Stepping 10, GenuineIntel



---------------  S Y S T E M  ---------------

OS: Windows 10 , 64 bit Build 19041 (10.0.19041.662)
OS uptime: 0 days 4:02 hours

CPU:total 8 (initial active 8) (4 cores per cpu, 2 threads per core) family 6 model 158 stepping 10, cmov, cx8, fxsr, mmx, sse, sse2, sse3, ssse3, sse4.1, sse4.2, popcnt, avx, avx2, aes, clmul, erms, 3dnowpref, lzcnt, ht, tsc, tscinvbit, bmi1, bmi2, adx, fma

Memory: 4k page, system-wide physical 8061M (515M free)
TotalPageFile size 32637M (AvailPageFile size 28M)
current process WorkingSet (physical memory assigned to process): 9M, peak: 10M
current process commit charge ("private bytes"): 59M, peak: 185M

vm_info: OpenJDK 64-Bit Server VM (11.0.9.1+11-b1145.63) for windows-amd64 JRE (11.0.9.1+11-b1145.63), built on Dec 21 2020 13:58:54 by "" with MS VC++ 14.0 (VS2015)

END.
